ERROR 2019-10-09 18:43:04,515 root : Якась помилка: : HTTPConnectionPool(host='localhost', port=8000): Max retries exceeded with url: /health (Caused by NewConnectionError('<urllib3.connection.HTTPConnection object at 0x03346F70>: Failed to establish a new connection: [WinError 10061] No connection could be made because the target machine actively refused it'))
INFO 2019-10-09 18:44:05,523 root : Сервер доступний. Час на сервері: 18:44:05 2019-10-09
INFO 2019-10-09 18:44:05,523 root : Запитувана сторінка: : /health/
INFO 2019-10-09 18:44:05,523 root : Інформація про сервер: : {'system': 'Windows', 'hostname': 'DESKTOP-AGAVRE7', 'release': '10', 'type': 'AMD64'}
INFO 2019-10-09 18:44:05,523 root : Інформація про користувача: : python-requests/2.22.0
INFO 2019-10-09 18:45:06,551 root : Сервер доступний. Час на сервері: 18:45:06 2019-10-09
INFO 2019-10-09 18:45:06,551 root : Запитувана сторінка: : /health/
INFO 2019-10-09 18:45:06,551 root : Інформація про сервер: : {'system': 'Windows', 'hostname': 'DESKTOP-AGAVRE7', 'release': '10', 'type': 'AMD64'}
INFO 2019-10-09 18:45:06,551 root : Інформація про користувача: : python-requests/2.22.0
INFO 2019-10-09 18:46:07,558 root : Сервер доступний. Час на сервері: 18:46:07 2019-10-09
INFO 2019-10-09 18:46:07,558 root : Запитувана сторінка: : /health/
INFO 2019-10-09 18:46:07,558 root : Інформація про сервер: : {'system': 'Windows', 'hostname': 'DESKTOP-AGAVRE7', 'release': '10', 'type': 'AMD64'}
INFO 2019-10-09 18:46:07,558 root : Інформація про користувача: : python-requests/2.22.0
INFO 2019-10-09 18:47:08,566 root : Сервер доступний. Час на сервері: 18:47:08 2019-10-09
INFO 2019-10-09 18:47:08,566 root : Запитувана сторінка: : /health/
INFO 2019-10-09 18:47:08,566 root : Інформація про сервер: : {'system': 'Windows', 'hostname': 'DESKTOP-AGAVRE7', 'release': '10', 'type': 'AMD64'}
INFO 2019-10-09 18:47:08,567 root : Інформація про користувача: : python-requests/2.22.0
INFO 2019-10-09 18:48:09,575 root : Сервер доступний. Час на сервері: 18:48:09 2019-10-09
INFO 2019-10-09 18:48:09,575 root : Запитувана сторінка: : /health/
INFO 2019-10-09 18:48:09,575 root : Інформація про сервер: : {'system': 'Windows', 'hostname': 'DESKTOP-AGAVRE7', 'release': '10', 'type': 'AMD64'}
INFO 2019-10-09 18:48:09,575 root : Інформація про користувача: : python-requests/2.22.0
INFO 2019-11-03 12:34:20,124 root : РЎРµСЂРІРµСЂ РґРѕСЃС‚СѓРїРЅРёР№. Р§Р°СЃ РЅР° СЃРµСЂРІРµСЂС–: 12:34:20 2019-11-03
INFO 2019-11-03 12:34:20,124 root : Р—Р°РїРёС‚СѓРІР°РЅР° СЃС‚РѕСЂС–РЅРєР°: : /health/
INFO 2019-11-03 12:34:20,124 root : Р†РЅС„РѕСЂРјР°С†С–СЏ РїСЂРѕ СЃРµСЂРІРµСЂ: : {'system': 'Linux', 'hostname': 'e236d54f2266', 'release': '5.0.0-23-generic', 'type': 'x86_64'}
INFO 2019-11-03 12:34:20,124 root : Р†РЅС„РѕСЂРјР°С†С–СЏ РїСЂРѕ РєРѕСЂРёСЃС‚СѓРІР°С‡Р°: : python-requests/2.22.0
INFO 2019-11-03 12:35:20,201 root : РЎРµСЂРІРµСЂ РґРѕСЃС‚СѓРїРЅРёР№. Р§Р°СЃ РЅР° СЃРµСЂРІРµСЂС–: 12:35:20 2019-11-03
INFO 2019-11-03 12:35:20,201 root : Р—Р°РїРёС‚СѓРІР°РЅР° СЃС‚РѕСЂС–РЅРєР°: : /health/
INFO 2019-11-03 12:35:20,201 root : Р†РЅС„РѕСЂРјР°С†С–СЏ РїСЂРѕ СЃРµСЂРІРµСЂ: : {'system': 'Linux', 'hostname': 'e236d54f2266', 'release': '5.0.0-23-generic', 'type': 'x86_64'}
INFO 2019-11-03 12:35:20,201 root : Р†РЅС„РѕСЂРјР°С†С–СЏ РїСЂРѕ РєРѕСЂРёСЃС‚СѓРІР°С‡Р°: : python-requests/2.22.0
INFO 2019-11-03 12:36:20,303 root : РЎРµСЂРІРµСЂ РґРѕСЃС‚СѓРїРЅРёР№. Р§Р°СЃ РЅР° СЃРµСЂРІРµСЂС–: 12:36:20 2019-11-03
INFO 2019-11-03 12:36:20,303 root : Р—Р°РїРёС‚СѓРІР°РЅР° СЃС‚РѕСЂС–РЅРєР°: : /health/
INFO 2019-11-03 12:36:20,304 root : Р†РЅС„РѕСЂРјР°С†С–СЏ РїСЂРѕ СЃРµСЂРІРµСЂ: : {'system': 'Linux', 'hostname': 'e236d54f2266', 'release': '5.0.0-23-generic', 'type': 'x86_64'}
INFO 2019-11-03 12:36:20,304 root : Р†РЅС„РѕСЂРјР°С†С–СЏ РїСЂРѕ РєРѕСЂРёСЃС‚СѓРІР°С‡Р°: : python-requests/2.22.0
INFO 2019-11-03 12:37:20,430 root : РЎРµСЂРІРµСЂ РґРѕСЃС‚СѓРїРЅРёР№. Р§Р°СЃ РЅР° СЃРµСЂРІРµСЂС–: 12:37:20 2019-11-03
INFO 2019-11-03 12:37:20,430 root : Р—Р°РїРёС‚СѓРІР°РЅР° СЃС‚РѕСЂС–РЅРєР°: : /health/
INFO 2019-11-03 12:37:20,431 root : Р†РЅС„РѕСЂРјР°С†С–СЏ РїСЂРѕ СЃРµСЂРІРµСЂ: : {'system': 'Linux', 'hostname': 'e236d54f2266', 'release': '5.0.0-23-generic', 'type': 'x86_64'}
INFO 2019-11-03 12:37:20,431 root : Р†РЅС„РѕСЂРјР°С†С–СЏ РїСЂРѕ РєРѕСЂРёСЃС‚СѓРІР°С‡Р°: : python-requests/2.22.0
