ERROR 2019-10-09 18:43:04,515 root : Якась помилка: : HTTPConnectionPool(host='localhost', port=8000): Max retries exceeded with url: /health (Caused by NewConnectionError('<urllib3.connection.HTTPConnection object at 0x03346F70>: Failed to establish a new connection: [WinError 10061] No connection could be made because the target machine actively refused it'))
INFO 2019-10-09 18:44:05,523 root : Сервер доступний. Час на сервері: 18:44:05 2019-10-09
INFO 2019-10-09 18:44:05,523 root : Запитувана сторінка: : /health/
INFO 2019-10-09 18:44:05,523 root : Інформація про сервер: : {'system': 'Windows', 'hostname': 'DESKTOP-AGAVRE7', 'release': '10', 'type': 'AMD64'}
INFO 2019-10-09 18:44:05,523 root : Інформація про користувача: : python-requests/2.22.0
INFO 2019-10-09 18:45:06,551 root : Сервер доступний. Час на сервері: 18:45:06 2019-10-09
INFO 2019-10-09 18:45:06,551 root : Запитувана сторінка: : /health/
INFO 2019-10-09 18:45:06,551 root : Інформація про сервер: : {'system': 'Windows', 'hostname': 'DESKTOP-AGAVRE7', 'release': '10', 'type': 'AMD64'}
INFO 2019-10-09 18:45:06,551 root : Інформація про користувача: : python-requests/2.22.0
INFO 2019-10-09 18:46:07,558 root : Сервер доступний. Час на сервері: 18:46:07 2019-10-09
INFO 2019-10-09 18:46:07,558 root : Запитувана сторінка: : /health/
INFO 2019-10-09 18:46:07,558 root : Інформація про сервер: : {'system': 'Windows', 'hostname': 'DESKTOP-AGAVRE7', 'release': '10', 'type': 'AMD64'}
INFO 2019-10-09 18:46:07,558 root : Інформація про користувача: : python-requests/2.22.0
INFO 2019-10-09 18:47:08,566 root : Сервер доступний. Час на сервері: 18:47:08 2019-10-09
INFO 2019-10-09 18:47:08,566 root : Запитувана сторінка: : /health/
INFO 2019-10-09 18:47:08,566 root : Інформація про сервер: : {'system': 'Windows', 'hostname': 'DESKTOP-AGAVRE7', 'release': '10', 'type': 'AMD64'}
INFO 2019-10-09 18:47:08,567 root : Інформація про користувача: : python-requests/2.22.0
INFO 2019-10-09 18:48:09,575 root : Сервер доступний. Час на сервері: 18:48:09 2019-10-09
INFO 2019-10-09 18:48:09,575 root : Запитувана сторінка: : /health/
INFO 2019-10-09 18:48:09,575 root : Інформація про сервер: : {'system': 'Windows', 'hostname': 'DESKTOP-AGAVRE7', 'release': '10', 'type': 'AMD64'}
INFO 2019-10-09 18:48:09,575 root : Інформація про користувача: : python-requests/2.22.0
